==========================================
点云初始化优化实验 - 阶段一（10k快速筛选）
时间戳: 2025_11_24_15_14
数据集: data/369/foot_50_3views.pickle
输出目录: output/init_optim_2025_11_24_15_14
训练迭代: 10000
==========================================

[1/6] 实验 1: Baseline
配置: n_points=50000, sampling=random, denoise=False
使用现有 baseline 初始化文件
进程启动: 760900

[2/6] 实验 2: De-Init 降噪
配置: n_points=50000, sampling=random, denoise=True (σ=3)
Traceback (most recent call last):
  File "initialize_pcd.py", line 3, in <module>
    import tigre.algorithms as algs
ModuleNotFoundError: No module named 'tigre'
进程启动: 761193

[3/6] 实验 3: 密度加权采样
配置: n_points=50000, sampling=density_weighted, denoise=False
Traceback (most recent call last):
  File "initialize_pcd.py", line 3, in <module>
    import tigre.algorithms as algs
ModuleNotFoundError: No module named 'tigre'
进程启动: 761577

[4/6] 实验 4: 增加点数
配置: n_points=75000, sampling=random, denoise=False
Traceback (most recent call last):
  File "initialize_pcd.py", line 3, in <module>
    import tigre.algorithms as algs
ModuleNotFoundError: No module named 'tigre'
进程启动: 761829

[5/6] 实验 5: 组合优化
配置: n_points=60000, sampling=density_weighted, denoise=True, rescale=0.20
Traceback (most recent call last):
  File "initialize_pcd.py", line 3, in <module>
    import tigre.algorithms as algs
ModuleNotFoundError: No module named 'tigre'
进程启动: 762043

[6/6] 实验 6: 更严格过滤
配置: n_points=50000, sampling=random, denoise=True, thresh=0.08
Traceback (most recent call last):
  File "initialize_pcd.py", line 3, in <module>
    import tigre.algorithms as algs
ModuleNotFoundError: No module named 'tigre'
进程启动: 762230

==========================================
所有实验已启动！
==========================================

监控命令：
  查看进程: ps aux | grep train.py | grep 2025_11_24_15_14
  查看 GPU: watch -n 1 nvidia-smi
  查看日志: tail -f output/init_optim_2025_11_24_15_14/exp*.log

预计完成时间: 2-3 小时

结果分析命令（实验完成后运行）:
  python3 scripts/analyze_init_results.py --timestamp 2025_11_24_15_14

