正在激活 conda 环境 r2_gaussian_new...
✅ 环境激活成功: r2_gaussian_new
✅ Python 环境检查通过

==========================================
点云初始化优化实验 - 阶段一（10k快速筛选）
时间戳: 2025_11_24_15_22
数据集: data/369/foot_50_3views.pickle
输出目录: output/init_optim_2025_11_24_15_22
训练迭代: 10000
==========================================

[1/6] 实验 1: Baseline
配置: n_points=50000, sampling=random, denoise=False
使用现有 baseline 初始化文件
进程启动: 775801

[2/6] 实验 2: De-Init 降噪
配置: n_points=50000, sampling=random, denoise=True (σ=3)
usage: initialize_pcd.py [-h] [--recon_method RECON_METHOD]
                         [--n_points N_POINTS]
                         [--density_thresh DENSITY_THRESH]
                         [--density_rescale DENSITY_RESCALE]
                         [--random_density_max RANDOM_DENSITY_MAX]
                         [--enable_denoise] [--denoise_sigma DENOISE_SIGMA]
                         [--sampling_strategy SAMPLING_STRATEGY]
                         [--source_path SOURCE_PATH] [--model_path MODEL_PATH]
                         [--data_device DATA_DEVICE] [--ply_path PLY_PATH]
                         [--scale_min SCALE_MIN] [--scale_max SCALE_MAX]
                         [--eval] [--gaussiansN GAUSSIANSN] [--coreg]
                         [--coprune] [--coprune_threshold COPRUNE_THRESHOLD]
                         [--perturbation] [--onlyrgb] [--normal]
                         [--pseudo_strategy PSEUDO_STRATEGY]
                         [--sample_method SAMPLE_METHOD] [--add_num ADD_NUM]
                         [--enable_corgs] [--corgs_tau CORGS_TAU]
                         [--corgs_coprune_freq CORGS_COPRUNE_FREQ]
                         [--corgs_pseudo_weight CORGS_PSEUDO_WEIGHT]
                         [--corgs_log_freq CORGS_LOG_FREQ] [--opacity_decay]
                         [--enable_depth]
                         [--depth_loss_weight DEPTH_LOSS_WEIGHT]
                         [--depth_loss_type DEPTH_LOSS_TYPE]
                         [--depth_threshold DEPTH_THRESHOLD]
                         [--multi_gaussian] [--pseudo_labels]
                         [--depth_constraint]
                         [--num_additional_views NUM_ADDITIONAL_VIEWS]
                         [--pseudo_confidence_threshold PSEUDO_CONFIDENCE_THRESHOLD]
                         [--multi_gaussian_weight MULTI_GAUSSIAN_WEIGHT]
                         [--pseudo_label_weight PSEUDO_LABEL_WEIGHT]
                         [--enable_fsgs_pseudo] [--fsgs_version FSGS_VERSION]
                         [--fsgs_noise_std FSGS_NOISE_STD]
                         [--fsgs_proximity_threshold FSGS_PROXIMITY_THRESHOLD]
                         [--fsgs_depth_model FSGS_DEPTH_MODEL]
                         [--fsgs_depth_weight FSGS_DEPTH_WEIGHT]
                         [--fsgs_start_iter FSGS_START_ITER]
                         [--enable_fsgs_proximity]
                         [--proximity_threshold PROXIMITY_THRESHOLD]
                         [--enable_medical_constraints]
                         [--proximity_organ_type PROXIMITY_ORGAN_TYPE]
                         [--proximity_k_neighbors PROXIMITY_K_NEIGHBORS]
                         [--enable_fsgs_depth] [--enable_fsgs_pseudo_views]
                         [--num_fsgs_pseudo_views NUM_FSGS_PSEUDO_VIEWS]
                         [--enable_graph_laplacian] [--graph_k GRAPH_K]
                         [--graph_lambda_lap GRAPH_LAMBDA_LAP]
                         [--graph_update_interval GRAPH_UPDATE_INTERVAL]
                         [--compute_cov3D_python] [--debug] [--data DATA]
                         [--output OUTPUT] [--evaluate]
initialize_pcd.py: error: unrecognized arguments: true
