
CommandNotFoundError: Your shell has not been properly configured to use 'conda activate'.
To initialize your shell, run

    $ conda init <SHELL_NAME>

Currently supported shells are:
  - bash
  - fish
  - tcsh
  - xonsh
  - zsh
  - powershell

See 'conda init --help' for more information and options.

IMPORTANT: You may need to close and restart your shell after running 'conda init'.


==========================================
点云初始化优化实验 - 阶段一（10k快速筛选）
时间戳: 2025_11_24_15_10
数据集: data/369/foot_50_3views.pickle
输出目录: output/init_optim_2025_11_24_15_10
训练迭代: 10000
==========================================

[1/6] 实验 1: Baseline
配置: n_points=50000, sampling=random, denoise=False
使用现有 baseline 初始化文件
进程启动: 755564

[2/6] 实验 2: De-Init 降噪
配置: n_points=50000, sampling=random, denoise=True (σ=3)
scripts/run_init_optimization.sh: line 75: python: command not found
进程启动: 755765

[3/6] 实验 3: 密度加权采样
配置: n_points=50000, sampling=density_weighted, denoise=False
scripts/run_init_optimization.sh: line 107: python: command not found
进程启动: 755886

[4/6] 实验 4: 增加点数
配置: n_points=75000, sampling=random, denoise=False
scripts/run_init_optimization.sh: line 138: python: command not found
进程启动: 756020

[5/6] 实验 5: 组合优化
配置: n_points=60000, sampling=density_weighted, denoise=True, rescale=0.20
scripts/run_init_optimization.sh: line 169: python: command not found
进程启动: 756152

[6/6] 实验 6: 更严格过滤
配置: n_points=50000, sampling=random, denoise=True, thresh=0.08
scripts/run_init_optimization.sh: line 201: python: command not found
进程启动: 756286

==========================================
所有实验已启动！
==========================================

监控命令：
  查看进程: ps aux | grep train.py | grep 2025_11_24_15_10
  查看 GPU: watch -n 1 nvidia-smi
  查看日志: tail -f output/init_optim_2025_11_24_15_10/exp*.log

预计完成时间: 2-3 小时

结果分析命令（实验完成后运行）:
  python scripts/analyze_init_results.py --timestamp 2025_11_24_15_10

