=========================================
  🔧 GR-Gaussian 修复版 30k 训练
=========================================
输出目录: output/2025_11_24_09_54_gr_foot3_30k_FIXED
开始时间: 2025年 11月 24日 星期一 09:54:50 CST

🎯 关键修复：
   ✓ 单模型 (gaussiansN=1)
   ✓ graph_update_interval=500
   ✓ graph_lambda_lap=0.008 (10x)
   ✓ enable_denoise=true

usage: train.py [-h] [--source_path SOURCE_PATH] [--model_path MODEL_PATH]
                [--data_device DATA_DEVICE] [--ply_path PLY_PATH]
                [--scale_min SCALE_MIN] [--scale_max SCALE_MAX] [--eval]
                [--gaussiansN GAUSSIANSN] [--coreg] [--coprune]
                [--coprune_threshold COPRUNE_THRESHOLD] [--perturbation]
                [--onlyrgb] [--normal] [--pseudo_strategy PSEUDO_STRATEGY]
                [--sample_method SAMPLE_METHOD] [--add_num ADD_NUM]
                [--enable_corgs] [--corgs_tau CORGS_TAU]
                [--corgs_coprune_freq CORGS_COPRUNE_FREQ]
                [--corgs_pseudo_weight CORGS_PSEUDO_WEIGHT]
                [--corgs_log_freq CORGS_LOG_FREQ] [--opacity_decay]
                [--enable_depth] [--depth_loss_weight DEPTH_LOSS_WEIGHT]
                [--depth_loss_type DEPTH_LOSS_TYPE]
                [--depth_threshold DEPTH_THRESHOLD] [--multi_gaussian]
                [--pseudo_labels] [--depth_constraint]
                [--num_additional_views NUM_ADDITIONAL_VIEWS]
                [--pseudo_confidence_threshold PSEUDO_CONFIDENCE_THRESHOLD]
                [--multi_gaussian_weight MULTI_GAUSSIAN_WEIGHT]
                [--pseudo_label_weight PSEUDO_LABEL_WEIGHT]
                [--enable_fsgs_pseudo] [--fsgs_version FSGS_VERSION]
                [--fsgs_noise_std FSGS_NOISE_STD]
                [--fsgs_proximity_threshold FSGS_PROXIMITY_THRESHOLD]
                [--fsgs_depth_model FSGS_DEPTH_MODEL]
                [--fsgs_depth_weight FSGS_DEPTH_WEIGHT]
                [--fsgs_start_iter FSGS_START_ITER] [--enable_fsgs_proximity]
                [--proximity_threshold PROXIMITY_THRESHOLD]
                [--enable_medical_constraints]
                [--proximity_organ_type PROXIMITY_ORGAN_TYPE]
                [--proximity_k_neighbors PROXIMITY_K_NEIGHBORS]
                [--enable_fsgs_depth] [--enable_fsgs_pseudo_views]
                [--num_fsgs_pseudo_views NUM_FSGS_PSEUDO_VIEWS]
                [--enable_graph_laplacian] [--graph_k GRAPH_K]
                [--graph_lambda_lap GRAPH_LAMBDA_LAP]
                [--graph_update_interval GRAPH_UPDATE_INTERVAL]
                [--iterations ITERATIONS]
                [--position_lr_init POSITION_LR_INIT]
                [--position_lr_final POSITION_LR_FINAL]
                [--position_lr_max_steps POSITION_LR_MAX_STEPS]
                [--density_lr_init DENSITY_LR_INIT]
                [--density_lr_final DENSITY_LR_FINAL]
                [--density_lr_max_steps DENSITY_LR_MAX_STEPS]
                [--scaling_lr_init SCALING_LR_INIT]
                [--scaling_lr_final SCALING_LR_FINAL]
                [--scaling_lr_max_steps SCALING_LR_MAX_STEPS]
                [--rotation_lr_init ROTATION_LR_INIT]
                [--rotation_lr_final ROTATION_LR_FINAL]
                [--rotation_lr_max_steps ROTATION_LR_MAX_STEPS]
                [--lambda_dssim LAMBDA_DSSIM] [--lambda_tv LAMBDA_TV]
                [--tv_vol_size TV_VOL_SIZE]
                [--density_min_threshold DENSITY_MIN_THRESHOLD]
                [--densification_interval DENSIFICATION_INTERVAL]
                [--densify_from_iter DENSIFY_FROM_ITER]
                [--densify_until_iter DENSIFY_UNTIL_ITER]
                [--densify_grad_threshold DENSIFY_GRAD_THRESHOLD]
                [--densify_scale_threshold DENSIFY_SCALE_THRESHOLD]
                [--max_screen_size MAX_SCREEN_SIZE] [--max_scale MAX_SCALE]
                [--max_num_gaussians MAX_NUM_GAUSSIANS]
                [--sample_pseudo_interval SAMPLE_PSEUDO_INTERVAL]
                [--start_sample_pseudo START_SAMPLE_PSEUDO]
                [--end_sample_pseudo END_SAMPLE_PSEUDO]
                [--start_perturbation START_PERTURBATION]
                [--depth_weight DEPTH_WEIGHT]
                [--depth_pseudo_weight DEPTH_PSEUDO_WEIGHT]
                [--feature_lr FEATURE_LR] [--opacity_lr OPACITY_LR]
                [--compute_cov3D_python] [--debug] [--detect_anomaly]
                [--test_iterations TEST_ITERATIONS [TEST_ITERATIONS ...]]
                [--save_iterations SAVE_ITERATIONS [SAVE_ITERATIONS ...]]
                [--quiet]
                [--checkpoint_iterations CHECKPOINT_ITERATIONS [CHECKPOINT_ITERATIONS ...]]
                [--start_checkpoint START_CHECKPOINT] [--config CONFIG]
train.py: error: unrecognized arguments: --enable_denoise --denoise_sigma 3.0

=========================================
  ✅ 实验完成
=========================================
结束时间: 2025年 11月 24日 星期一 09:54:54 CST

📊 查看结果：
   - 最终评估: cat output/2025_11_24_09_54_gr_foot3_30k_FIXED/eval/iter_030000/eval2d_render_test.yml
   - Tensorboard: tensorboard --logdir output/2025_11_24_09_54_gr_foot3_30k_FIXED

🎯 性能目标：
   - PSNR > 28.8 dB (超越 baseline 28.547 dB)
   - SSIM > 0.910 (超越 baseline 0.9008)

📈 预期提升：
   - graph_update_interval=500: +0.78 dB
   - De-Init: +0.2~0.5 dB
   - lambda_lap 10x: +0.1~0.3 dB
   - 总计: +1.0~1.5 dB
